Detecting C [-std=c11] compiler features failed to compile with the following output:
Change Dir: /home/bharat/workspace/new_pcl/src/build/CMakeFiles/CMakeTmp

Run Build Command:"/usr/bin/make" "cmTC_b1c71/fast"
/usr/bin/make -f CMakeFiles/cmTC_b1c71.dir/build.make CMakeFiles/cmTC_b1c71.dir/build
make[1]: Entering directory '/home/bharat/workspace/new_pcl/src/build/CMakeFiles/CMakeTmp'
Building C object CMakeFiles/cmTC_b1c71.dir/feature_tests.c.o
/usr/bin/c89-gcc   -std=c11 -o CMakeFiles/cmTC_b1c71.dir/feature_tests.c.o   -c /home/bharat/workspace/new_pcl/src/build/CMakeFiles/feature_tests.c
c89-gcc called with non ANSI/ISO C option -std=c11
CMakeFiles/cmTC_b1c71.dir/build.make:65: recipe for target 'CMakeFiles/cmTC_b1c71.dir/feature_tests.c.o' failed
make[1]: *** [CMakeFiles/cmTC_b1c71.dir/feature_tests.c.o] Error 1
make[1]: Leaving directory '/home/bharat/workspace/new_pcl/src/build/CMakeFiles/CMakeTmp'
Makefile:126: recipe for target 'cmTC_b1c71/fast' failed
make: *** [cmTC_b1c71/fast] Error 2



Determining if the pthread_create exist failed with the following output:
Change Dir: /home/bharat/workspace/new_pcl/src/build/CMakeFiles/CMakeTmp

Run Build Command:"/usr/bin/make" "cmTC_276a3/fast"
/usr/bin/make -f CMakeFiles/cmTC_276a3.dir/build.make CMakeFiles/cmTC_276a3.dir/build
make[1]: Entering directory '/home/bharat/workspace/new_pcl/src/build/CMakeFiles/CMakeTmp'
Building C object CMakeFiles/cmTC_276a3.dir/CheckSymbolExists.c.o
/usr/bin/c89-gcc    -o CMakeFiles/cmTC_276a3.dir/CheckSymbolExists.c.o   -c /home/bharat/workspace/new_pcl/src/build/CMakeFiles/CMakeTmp/CheckSymbolExists.c
Linking C executable cmTC_276a3
/usr/bin/cmake -E cmake_link_script CMakeFiles/cmTC_276a3.dir/link.txt --verbose=1
/usr/bin/c89-gcc      -rdynamic CMakeFiles/cmTC_276a3.dir/CheckSymbolExists.c.o  -o cmTC_276a3 
CMakeFiles/cmTC_276a3.dir/CheckSymbolExists.c.o: In function `main':
CheckSymbolExists.c:(.text+0x1b): undefined reference to `pthread_create'
collect2: error: ld returned 1 exit status
CMakeFiles/cmTC_276a3.dir/build.make:97: recipe for target 'cmTC_276a3' failed
make[1]: *** [cmTC_276a3] Error 1
make[1]: Leaving directory '/home/bharat/workspace/new_pcl/src/build/CMakeFiles/CMakeTmp'
Makefile:126: recipe for target 'cmTC_276a3/fast' failed
make: *** [cmTC_276a3/fast] Error 2

File /home/bharat/workspace/new_pcl/src/build/CMakeFiles/CMakeTmp/CheckSymbolExists.c:
/* */
#include <pthread.h>

int main(int argc, char** argv)
{
  (void)argv;
#ifndef pthread_create
  return ((int*)(&pthread_create))[argc];
#else
  (void)argc;
  return 0;
#endif
}

Determining if the function pthread_create exists in the pthreads failed with the following output:
Change Dir: /home/bharat/workspace/new_pcl/src/build/CMakeFiles/CMakeTmp

Run Build Command:"/usr/bin/make" "cmTC_57286/fast"
/usr/bin/make -f CMakeFiles/cmTC_57286.dir/build.make CMakeFiles/cmTC_57286.dir/build
make[1]: Entering directory '/home/bharat/workspace/new_pcl/src/build/CMakeFiles/CMakeTmp'
Building C object CMakeFiles/cmTC_57286.dir/CheckFunctionExists.c.o
/usr/bin/c89-gcc   -DCHECK_FUNCTION_EXISTS=pthread_create   -o CMakeFiles/cmTC_57286.dir/CheckFunctionExists.c.o   -c /usr/share/cmake-3.10/Modules/CheckFunctionExists.c
Linking C executable cmTC_57286
/usr/bin/cmake -E cmake_link_script CMakeFiles/cmTC_57286.dir/link.txt --verbose=1
/usr/bin/c89-gcc  -DCHECK_FUNCTION_EXISTS=pthread_create    -rdynamic CMakeFiles/cmTC_57286.dir/CheckFunctionExists.c.o  -o cmTC_57286 -lpthreads 
/usr/bin/ld: cannot find -lpthreads
collect2: error: ld returned 1 exit status
CMakeFiles/cmTC_57286.dir/build.make:97: recipe for target 'cmTC_57286' failed
make[1]: *** [cmTC_57286] Error 1
make[1]: Leaving directory '/home/bharat/workspace/new_pcl/src/build/CMakeFiles/CMakeTmp'
Makefile:126: recipe for target 'cmTC_57286/fast' failed
make: *** [cmTC_57286/fast] Error 2


